<?xml version="1.0" encoding="UTF-8"?>
<!-- Generated by org.testng.reporters.JUnitReportReporter -->
<testsuite hostname="Asplap1364" failures="0" tests="1" name="TestScripts.TestNG_Parameter" time="1.258" errors="0" timestamp="2023-08-17T16:17:49 IST" skipped="0">
  <testcase classname="TestScripts.TestNG_Parameter" name="Test_001" time="1.258">
    <system-out>
      <![CDATA[<b><strong><font size="4"><center>***** Launching the google site on chrome browser *****</font></strong></center></b>
Fetching the Testdata from the sheet Sheet1 and testcase id is Tc001
Open the google.com<a target="_blank" href=".\Screenshots\Test229-08-2023-04-17-48-240.png">[Screenshot]</a>]]>
    </system-out>
  </testcase> <!-- Test_001 -->
  <system-out>
    <![CDATA[<b><strong><font size="4"><center>***** Launching the google site on chrome browser *****</font></strong></center></b>
Fetching the Testdata from the sheet Sheet1 and testcase id is Tc001
Open the google.com<a target="_blank" href=".\Screenshots\Test229-08-2023-04-17-48-240.png">[Screenshot]</a>]]>
  </system-out>
</testsuite> <!-- TestScripts.TestNG_Parameter -->
