<?xml version="1.0" encoding="UTF-8"?>
<!-- Generated by org.testng.reporters.JUnitReportReporter -->
<testsuite hostname="Asplap1364" failures="0" tests="1" name="Selenium_TestNG.TestNG_Parameter" time="0.560" errors="0" timestamp="2023-08-08T11:01:30 IST" skipped="0">
  <testcase classname="Selenium_TestNG.TestNG_Parameter" name="parameter" time="0.560"/>
</testsuite> <!-- Selenium_TestNG.TestNG_Parameter -->
