<?xml version="1.0" encoding="UTF-8"?>
<!-- Generated by org.testng.reporters.JUnitReportReporter -->
<testsuite hostname="Asplap1364" failures="0" tests="1" name="PageUtills.GeneralUtills" time="0.012" errors="0" timestamp="2023-08-07T18:20:05 IST" skipped="0">
  <testcase classname="PageUtills.GeneralUtills" name="message" time="0.012"/>
</testsuite> <!-- PageUtills.GeneralUtills -->
