<?xml version="1.0" encoding="UTF-8"?>
<!-- Generated by org.testng.reporters.JUnitReportReporter -->
<testsuite hostname="Asplap1364" failures="0" tests="1" name="TestScripts.TestNG_Parameter" time="2.841" errors="0" timestamp="2023-08-14T14:38:17 IST" skipped="0">
  <testcase classname="TestScripts.TestNG_Parameter" name="parameter" time="2.841">
    <system-out>
      <![CDATA[<b><center>***** Launching the google site on chrome browser 14:38:12 Monday, 14 August 2023 *****</center></b>
Open the google.com<a target="_blank" href="C:\Users\dinesh.nachimuthu\git\SeleniumTraining\SeleniumTraining\Screenshots\Test226-08-2023-02-38-15-264.png">[Screenshot]</a>]]>
    </system-out>
  </testcase> <!-- parameter -->
  <system-out>
    <![CDATA[<b><center>***** Launching the google site on chrome browser 14:38:12 Monday, 14 August 2023 *****</center></b>
Open the google.com<a target="_blank" href="C:\Users\dinesh.nachimuthu\git\SeleniumTraining\SeleniumTraining\Screenshots\Test226-08-2023-02-38-15-264.png">[Screenshot]</a>]]>
  </system-out>
</testsuite> <!-- TestScripts.TestNG_Parameter -->
