<?xml version="1.0" encoding="UTF-8"?>
<!-- Generated by org.testng.reporters.JUnitReportReporter -->
<testsuite hostname="Asplap1364" failures="0" tests="1" name="TestScripts.TestNG_Parameter" time="2.660" errors="0" timestamp="2023-08-14T14:08:49 IST" skipped="0">
  <testcase classname="TestScripts.TestNG_Parameter" name="parameter" time="2.660">
    <system-out>
      <![CDATA[<b>***************************** Launching the google site on chrome browser *******************************************</b>
Open the google.com<a target="_blank" href="C:\Users\dinesh.nachimuthu\git\SeleniumTraining\SeleniumTraining\Screenshots\Test226-08-2023-02-08-48-134.png">[Screenshot]</a>]]>
    </system-out>
  </testcase> <!-- parameter -->
  <system-out>
    <![CDATA[<b>***************************** Launching the google site on chrome browser *******************************************</b>
Open the google.com<a target="_blank" href="C:\Users\dinesh.nachimuthu\git\SeleniumTraining\SeleniumTraining\Screenshots\Test226-08-2023-02-08-48-134.png">[Screenshot]</a>]]>
  </system-out>
</testsuite> <!-- TestScripts.TestNG_Parameter -->
