<?xml version="1.0" encoding="UTF-8"?>
<!-- Generated by org.testng.reporters.JUnitReportReporter -->
<testsuite hostname="Asplap1364" failures="0" tests="1" name="TestScripts.RegressionSuite1" time="11.321" errors="0" timestamp="2023-08-17T19:07:50 IST" skipped="0">
  <testcase classname="TestScripts.RegressionSuite1" name="TestCase001" time="11.321">
    <system-out>
      <![CDATA[<b><strong><font size="4"><center>***** Login Scenario *****</font></strong></center></b>
launched the URL :https://opensource-demo.orangehrmlive.com/<a target="_blank" href=".\Screenshots\Test1.png">[Screenshot]</a>]]>
    </system-out>
  </testcase> <!-- TestCase001 -->
  <system-out>
    <![CDATA[<b><strong><font size="4"><center>***** Login Scenario *****</font></strong></center></b>
launched the URL :https://opensource-demo.orangehrmlive.com/<a target="_blank" href=".\Screenshots\Test1.png">[Screenshot]</a>]]>
  </system-out>
</testsuite> <!-- TestScripts.RegressionSuite1 -->
